Build started 27/05/2016 11:35:17.
     1>Project "X:\Cussold\MSG\MSg\Builds\VisualStudio2010\MSg.vcxproj" on node 2 (build target(s)).
     1>InitializeBuildStatus:
         Creating "Release\MSg.unsuccessfulbuild" because "AlwaysCreate" was specified.
       ClCompile:
         C:\Program Files (x86)\Microsoft Visual Studio 10.0\VC\bin\CL.exe /c /I..\..\JuceLibraryCode /I..\..\JuceLibraryCode\modules /Ic:\SDKs\vstsdk2.4 /I"c:\SDKs\VST3 SDK" /Zi /nologo /W4 /WX- /MP /Ox /Oy- /GL /D WIN32 /D _WINDOWS /D NDEBUG /D JUCER_VS2010_78A501D=1 /D JUCE_APP_VERSION=1.0.0 /D JUCE_APP_VERSION_HEX=0x10000 /D _WINDLL /Gm- /EHsc /MD /GS /fp:precise /Zc:wchar_t /Zc:forScope /GR /Fo"Release\\" /Fd"Release\\vc100.pdb" /Gd /TP /analyze- /errorReport:prompt ..\..\JuceLibraryCode\modules\juce_audio_basics\juce_audio_basics.cpp ..\..\JuceLibraryCode\modules\juce_audio_devices\juce_audio_devices.cpp ..\..\JuceLibraryCode\modules\juce_audio_formats\juce_audio_formats.cpp ..\..\JuceLibraryCode\modules\juce_audio_plugin_client\AAX\juce_AAX_Wrapper.cpp ..\..\JuceLibraryCode\modules\juce_audio_plugin_client\VST3\juce_VST3_Wrapper.cpp ..\..\JuceLibraryCode\modules\juce_audio_plugin_client\VST\juce_VST_Wrapper.cpp ..\..\JuceLibraryCode\modules\juce_audio_plugin_client\utility\juce_PluginUtilities.cpp ..\..\JuceLibraryCode\modules\juce_audio_processors\juce_audio_processors.cpp ..\..\JuceLibraryCode\modules\juce_core\juce_core.cpp ..\..\JuceLibraryCode\modules\juce_cryptography\juce_cryptography.cpp ..\..\JuceLibraryCode\modules\juce_data_structures\juce_data_structures.cpp ..\..\JuceLibraryCode\modules\juce_events\juce_events.cpp ..\..\JuceLibraryCode\modules\juce_graphics\juce_graphics.cpp ..\..\JuceLibraryCode\modules\juce_gui_basics\juce_gui_basics.cpp ..\..\JuceLibraryCode\modules\juce_gui_extra\juce_gui_extra.cpp ..\..\JuceLibraryCode\modules\juce_opengl\juce_opengl.cpp ..\..\JuceLibraryCode\modules\juce_video\juce_video.cpp ..\..\Source\FilmStripSlider.cpp ..\..\Source\HighQualityMeter.cpp ..\..\Source\MSGLookAndFeel.cpp ..\..\Source\MainViewComponent.cpp ..\..\Source\PassThroughProcessor.cpp ..\..\Source\PluginAssignProcessor.cpp ..\..\Source\PluginBrowser_Component.cpp ..\..\Source\PluginEditor.cpp ..\..\Source\PluginListWindow.cpp ..\..\Source\PluginProcessor.cpp ..\..\Source\PluginSlotComponent.cpp ..\..\Source\PluginWindow.cpp
         juce_audio_basics.cpp
         juce_audio_devices.cpp
         juce_audio_formats.cpp
         juce_AAX_Wrapper.cpp
         juce_VST3_Wrapper.cpp
         juce_VST_Wrapper.cpp
         juce_PluginUtilities.cpp
         juce_audio_processors.cpp
         juce_core.cpp
         juce_cryptography.cpp
         juce_data_structures.cpp
         juce_events.cpp
         juce_graphics.cpp
         juce_gui_basics.cpp
         juce_gui_extra.cpp
         juce_opengl.cpp
         juce_video.cpp
         FilmStripSlider.cpp
         HighQualityMeter.cpp
         MSGLookAndFeel.cpp
         MainViewComponent.cpp
     1>..\..\Source\FilmStripSlider.cpp(265): warning C4244: 'argument' : conversion from 'double' to 'int', possible loss of data
     1>..\..\Source\HighQualityMeter.cpp(67): warning C4244: 'argument' : conversion from 'int' to 'float', possible loss of data
     1>..\..\Source\HighQualityMeter.cpp(67): warning C4244: 'argument' : conversion from 'int' to 'float', possible loss of data
     1>..\..\Source\HighQualityMeter.cpp(67): warning C4244: 'argument' : conversion from 'int' to 'float', possible loss of data
     1>..\..\Source\HighQualityMeter.cpp(114): warning C4244: 'argument' : conversion from 'int' to 'float', possible loss of data
     1>..\..\Source\HighQualityMeter.cpp(114): warning C4244: 'argument' : conversion from 'int' to 'float', possible loss of data
     1>..\..\Source\HighQualityMeter.cpp(150): warning C4244: 'argument' : conversion from 'int' to 'float', possible loss of data
     1>..\..\Source\HighQualityMeter.cpp(150): warning C4244: 'argument' : conversion from 'int' to 'float', possible loss of data
     1>..\..\Source\HighQualityMeter.cpp(150): warning C4244: 'argument' : conversion from 'int' to 'float', possible loss of data
     1>..\..\Source\HighQualityMeter.cpp(202): warning C4244: '=' : conversion from 'int' to 'float', possible loss of data
     1>..\..\Source\HighQualityMeter.cpp(217): warning C4100: 'g' : unreferenced formal parameter
     1>..\..\Source\HighQualityMeter.cpp(235): warning C4244: '=' : conversion from 'double' to 'float', possible loss of data
     1>..\..\Source\HighQualityMeter.cpp(237): warning C4244: '=' : conversion from 'double' to 'float', possible loss of data
     1>..\..\Source\HighQualityMeter.cpp(239): warning C4244: '=' : conversion from 'double' to 'float', possible loss of data
     1>..\..\Source\HighQualityMeter.cpp(241): warning C4244: '=' : conversion from 'double' to 'float', possible loss of data
     1>..\..\Source\HighQualityMeter.cpp(243): warning C4244: '=' : conversion from 'double' to 'float', possible loss of data
     1>..\..\Source\HighQualityMeter.cpp(245): warning C4244: '=' : conversion from 'double' to 'float', possible loss of data
     1>..\..\Source\MSGLookAndFeel.cpp(22): warning C4100: 'slider' : unreferenced formal parameter
     1>..\..\Source\MSGLookAndFeel.cpp(18): warning C4100: 'height' : unreferenced formal parameter
     1>..\..\Source\MSGLookAndFeel.cpp(18): warning C4100: 'width' : unreferenced formal parameter
     1>..\..\Source\MSGLookAndFeel.cpp(18): warning C4100: 'y' : unreferenced formal parameter
     1>..\..\Source\MSGLookAndFeel.cpp(18): warning C4100: 'x' : unreferenced formal parameter
     1>..\..\Source\MSGLookAndFeel.cpp(18): warning C4100: 'g' : unreferenced formal parameter
     1>..\..\Source\MSGLookAndFeel.cpp(27): warning C4100: 'slider' : unreferenced formal parameter
     1>..\..\Source\MSGLookAndFeel.cpp(49): warning C4244: 'argument' : conversion from 'float' to 'int', possible loss of data
     1>..\..\Source\MSGLookAndFeel.cpp(49): warning C4244: 'argument' : conversion from 'float' to 'int', possible loss of data
     1>..\..\Source\MSGLookAndFeel.cpp(34): warning C4100: 'slider' : unreferenced formal parameter
     1>..\..\Source\MSGLookAndFeel.cpp(34): warning C4100: 'style' : unreferenced formal parameter
     1>..\..\Source\MSGLookAndFeel.cpp(33): warning C4100: 'maxSliderPos' : unreferenced formal parameter
     1>..\..\Source\MSGLookAndFeel.cpp(33): warning C4100: 'minSliderPos' : unreferenced formal parameter
     1>..\..\Source\MSGLookAndFeel.cpp(32): warning C4100: 'height' : unreferenced formal parameter
     1>..\..\Source\MSGLookAndFeel.cpp(32): warning C4100: 'y' : unreferenced formal parameter
     1>..\..\Source\MSGLookAndFeel.cpp(72): warning C4100: 'slider' : unreferenced formal parameter
     1>..\..\Source\MSGLookAndFeel.cpp(71): warning C4100: 'rotaryEndAngle' : unreferenced formal parameter
     1>..\..\Source\MSGLookAndFeel.cpp(70): warning C4100: 'rotaryStartAngle' : unreferenced formal parameter
     1>..\..\Source\MSGLookAndFeel.cpp(69): warning C4100: 'sliderPosProportional' : unreferenced formal parameter
     1>..\..\Source\MSGLookAndFeel.cpp(68): warning C4100: 'height' : unreferenced formal parameter
     1>..\..\Source\MSGLookAndFeel.cpp(68): warning C4100: 'width' : unreferenced formal parameter
     1>..\..\Source\MSGLookAndFeel.cpp(68): warning C4100: 'y' : unreferenced formal parameter
     1>..\..\Source\MSGLookAndFeel.cpp(68): warning C4100: 'x' : unreferenced formal parameter
     1>..\..\Source\MSGLookAndFeel.cpp(67): warning C4100: 'g' : unreferenced formal parameter
         PassThroughProcessor.cpp
         PluginAssignProcessor.cpp
         PluginBrowser_Component.cpp
     1>x:\cussold\msg\msg\source\PluginAssignProcessor.h(53): warning C4373: 'PluginAssignProcessor::getInputChannelName': virtual function overrides 'juce::AudioProcessor::getInputChannelName', previous versions of the compiler did not override when parameters only differed by const/volatile qualifiers
                 x:\cussold\msg\msg\jucelibrarycode\modules\juce_audio_processors\processors/juce_AudioProcessor.h(220) : see declaration of 'juce::AudioProcessor::getInputChannelName'
     1>x:\cussold\msg\msg\source\PluginAssignProcessor.h(54): warning C4373: 'PluginAssignProcessor::getOutputChannelName': virtual function overrides 'juce::AudioProcessor::getOutputChannelName', previous versions of the compiler did not override when parameters only differed by const/volatile qualifiers
                 x:\cussold\msg\msg\jucelibrarycode\modules\juce_audio_processors\processors/juce_AudioProcessor.h(227) : see declaration of 'juce::AudioProcessor::getOutputChannelName'
     1>x:\cussold\msg\msg\source\PluginAssignProcessor.h(72): warning C4100: 'index' : unreferenced formal parameter
     1>x:\cussold\msg\msg\source\PluginAssignProcessor.h(73): warning C4100: 'index' : unreferenced formal parameter
     1>x:\cussold\msg\msg\source\PluginAssignProcessor.h(74): warning C4100: 'newName' : unreferenced formal parameter
     1>x:\cussold\msg\msg\source\PluginAssignProcessor.h(74): warning C4100: 'index' : unreferenced formal parameter
     1>x:\cussold\msg\msg\source\PluginProcessor.h(233): warning C4065: switch statement contains 'default' but no 'case' labels
     1>x:\cussold\msg\msg\source\PluginProcessor.h(228): warning C4100: 'maximumStringLength' : unreferenced formal parameter
     1>x:\cussold\msg\msg\source\PluginProcessor.h(241): warning C4100: 'text' : unreferenced formal parameter
     1>x:\cussold\msg\msg\source\MainViewComponent.h(45): warning C4584: 'ClipComponent' : base-class 'juce::MouseListener' is already a base-class of 'juce::Component'
                 x:\cussold\msg\msg\jucelibrarycode\modules\juce_gui_basics\mouse/juce_MouseListener.h(37) : see declaration of 'juce::MouseListener'
                 x:\cussold\msg\msg\jucelibrarycode\modules\juce_gui_basics\components/juce_Component.h(33) : see declaration of 'juce::Component'
     1>x:\cussold\msg\msg\source\MainViewComponent.h(91): warning C4100: 'event' : unreferenced formal parameter
     1>..\..\Source\MainViewComponent.cpp(353): warning C4244: 'argument' : conversion from 'double' to 'float', possible loss of data
     1>..\..\Source\MainViewComponent.cpp(357): warning C4244: 'argument' : conversion from 'double' to 'float', possible loss of data
     1>..\..\Source\MainViewComponent.cpp(361): warning C4244: 'argument' : conversion from 'double' to 'float', possible loss of data
     1>..\..\Source\MainViewComponent.cpp(365): warning C4244: 'argument' : conversion from 'double' to 'float', possible loss of data
     1>..\..\Source\MainViewComponent.cpp(369): warning C4244: 'argument' : conversion from 'double' to 'float', possible loss of data
     1>..\..\Source\MainViewComponent.cpp(373): warning C4244: 'argument' : conversion from 'double' to 'float', possible loss of data
     1>..\..\Source\MainViewComponent.cpp(379): warning C4100: 'buttonThatWasClicked' : unreferenced formal parameter
         PluginEditor.cpp
     1>x:\cussold\msg\msg\source\PassThroughProcessor.h(29): warning C4373: 'PassThroughProcessor::getInputChannelName': virtual function overrides 'juce::AudioProcessor::getInputChannelName', previous versions of the compiler did not override when parameters only differed by const/volatile qualifiers
                 x:\cussold\msg\msg\jucelibrarycode\modules\juce_audio_processors\processors/juce_AudioProcessor.h(220) : see declaration of 'juce::AudioProcessor::getInputChannelName'
     1>x:\cussold\msg\msg\source\PassThroughProcessor.h(30): warning C4373: 'PassThroughProcessor::getOutputChannelName': virtual function overrides 'juce::AudioProcessor::getOutputChannelName', previous versions of the compiler did not override when parameters only differed by const/volatile qualifiers
                 x:\cussold\msg\msg\jucelibrarycode\modules\juce_audio_processors\processors/juce_AudioProcessor.h(227) : see declaration of 'juce::AudioProcessor::getOutputChannelName'
     1>x:\cussold\msg\msg\source\PassThroughProcessor.h(49): warning C4100: 'parameterIndex' : unreferenced formal parameter
     1>x:\cussold\msg\msg\source\PassThroughProcessor.h(50): warning C4100: 'parameterIndex' : unreferenced formal parameter
     1>x:\cussold\msg\msg\source\PassThroughProcessor.h(51): warning C4100: 'parameterIndex' : unreferenced formal parameter
     1>x:\cussold\msg\msg\source\PassThroughProcessor.h(52): warning C4100: 'newValue' : unreferenced formal parameter
     1>x:\cussold\msg\msg\source\PassThroughProcessor.h(52): warning C4100: 'parameterIndex' : unreferenced formal parameter
     1>x:\cussold\msg\msg\source\PassThroughProcessor.h(56): warning C4100: 'index' : unreferenced formal parameter
     1>x:\cussold\msg\msg\source\PassThroughProcessor.h(57): warning C4100: 'index' : unreferenced formal parameter
     1>x:\cussold\msg\msg\source\PassThroughProcessor.h(58): warning C4100: 'newName' : unreferenced formal parameter
     1>x:\cussold\msg\msg\source\PassThroughProcessor.h(58): warning C4100: 'index' : unreferenced formal parameter
     1>x:\cussold\msg\msg\source\PassThroughProcessor.h(60): warning C4100: 'destData' : unreferenced formal parameter
     1>x:\cussold\msg\msg\source\PassThroughProcessor.h(61): warning C4100: 'destData' : unreferenced formal parameter
     1>x:\cussold\msg\msg\source\PassThroughProcessor.h(62): warning C4100: 'sizeInBytes' : unreferenced formal parameter
     1>x:\cussold\msg\msg\source\PassThroughProcessor.h(62): warning C4100: 'data' : unreferenced formal parameter
     1>..\..\Source\PassThroughProcessor.cpp(30): warning C4100: 'midiMessages' : unreferenced formal parameter
     1>..\..\Source\PassThroughProcessor.cpp(30): warning C4100: 'buffer' : unreferenced formal parameter
     1>..\..\Source\PassThroughProcessor.cpp(41): warning C4100: 'index' : unreferenced formal parameter
     1>..\..\Source\PassThroughProcessor.cpp(45): warning C4100: 'index' : unreferenced formal parameter
     1>..\..\Source\PluginBrowser_Component.cpp(57): warning C4100: 'rowIsSelected' : unreferenced formal parameter
     1>..\..\Source\PluginBrowser_Component.cpp(96): warning C4189: 'desc' : local variable is initialized but not referenced
     1>x:\cussold\msg\msg\source\PluginAssignProcessor.h(53): warning C4373: 'PluginAssignProcessor::getInputChannelName': virtual function overrides 'juce::AudioProcessor::getInputChannelName', previous versions of the compiler did not override when parameters only differed by const/volatile qualifiers
                 x:\cussold\msg\msg\jucelibrarycode\modules\juce_audio_processors\processors/juce_AudioProcessor.h(220) : see declaration of 'juce::AudioProcessor::getInputChannelName'
     1>x:\cussold\msg\msg\source\PluginAssignProcessor.h(54): warning C4373: 'PluginAssignProcessor::getOutputChannelName': virtual function overrides 'juce::AudioProcessor::getOutputChannelName', previous versions of the compiler did not override when parameters only differed by const/volatile qualifiers
                 x:\cussold\msg\msg\jucelibrarycode\modules\juce_audio_processors\processors/juce_AudioProcessor.h(227) : see declaration of 'juce::AudioProcessor::getOutputChannelName'
     1>x:\cussold\msg\msg\source\PluginAssignProcessor.h(72): warning C4100: 'index' : unreferenced formal parameter
     1>x:\cussold\msg\msg\source\PluginAssignProcessor.h(73): warning C4100: 'index' : unreferenced formal parameter
     1>x:\cussold\msg\msg\source\PluginAssignProcessor.h(74): warning C4100: 'newName' : unreferenced formal parameter
     1>x:\cussold\msg\msg\source\PluginAssignProcessor.h(74): warning C4100: 'index' : unreferenced formal parameter
     1>x:\cussold\msg\msg\source\PluginProcessor.h(233): warning C4065: switch statement contains 'default' but no 'case' labels
     1>x:\cussold\msg\msg\source\PluginProcessor.h(228): warning C4100: 'maximumStringLength' : unreferenced formal parameter
     1>x:\cussold\msg\msg\source\PluginProcessor.h(241): warning C4100: 'text' : unreferenced formal parameter
     1>..\..\Source\PluginAssignProcessor.cpp(100): warning C4100: 'index' : unreferenced formal parameter
     1>..\..\Source\PluginAssignProcessor.cpp(105): warning C4100: 'index' : unreferenced formal parameter
     1>..\..\Source\PluginAssignProcessor.cpp(120): warning C4100: 'index' : unreferenced formal parameter
     1>..\..\Source\PluginAssignProcessor.cpp(125): warning C4100: 'index' : unreferenced formal parameter
     1>..\..\Source\PluginAssignProcessor.cpp(158): warning C4189: 'numChannels' : local variable is initialized but not referenced
     1>..\..\Source\PluginAssignProcessor.cpp(271): warning C4100: 'destData' : unreferenced formal parameter
     1>..\..\Source\PluginAssignProcessor.cpp(278): warning C4100: 'sizeInBytes' : unreferenced formal parameter
     1>..\..\Source\PluginAssignProcessor.cpp(278): warning C4100: 'data' : unreferenced formal parameter
         PluginListWindow.cpp
         PluginProcessor.cpp
         PluginSlotComponent.cpp
     1>x:\cussold\msg\msg\source\PluginAssignProcessor.h(53): warning C4373: 'PluginAssignProcessor::getInputChannelName': virtual function overrides 'juce::AudioProcessor::getInputChannelName', previous versions of the compiler did not override when parameters only differed by const/volatile qualifiers
                 x:\cussold\msg\msg\jucelibrarycode\modules\juce_audio_processors\processors/juce_AudioProcessor.h(220) : see declaration of 'juce::AudioProcessor::getInputChannelName'
     1>x:\cussold\msg\msg\source\PluginAssignProcessor.h(54): warning C4373: 'PluginAssignProcessor::getOutputChannelName': virtual function overrides 'juce::AudioProcessor::getOutputChannelName', previous versions of the compiler did not override when parameters only differed by const/volatile qualifiers
                 x:\cussold\msg\msg\jucelibrarycode\modules\juce_audio_processors\processors/juce_AudioProcessor.h(227) : see declaration of 'juce::AudioProcessor::getOutputChannelName'
     1>x:\cussold\msg\msg\source\PluginAssignProcessor.h(72): warning C4100: 'index' : unreferenced formal parameter
     1>x:\cussold\msg\msg\source\PluginAssignProcessor.h(73): warning C4100: 'index' : unreferenced formal parameter
     1>x:\cussold\msg\msg\source\PluginAssignProcessor.h(74): warning C4100: 'newName' : unreferenced formal parameter
     1>x:\cussold\msg\msg\source\PluginAssignProcessor.h(74): warning C4100: 'index' : unreferenced formal parameter
     1>x:\cussold\msg\msg\source\PluginProcessor.h(233): warning C4065: switch statement contains 'default' but no 'case' labels
     1>x:\cussold\msg\msg\source\PluginProcessor.h(228): warning C4100: 'maximumStringLength' : unreferenced formal parameter
     1>x:\cussold\msg\msg\source\PluginProcessor.h(241): warning C4100: 'text' : unreferenced formal parameter
     1>x:\cussold\msg\msg\source\MainViewComponent.h(45): warning C4584: 'ClipComponent' : base-class 'juce::MouseListener' is already a base-class of 'juce::Component'
                 x:\cussold\msg\msg\jucelibrarycode\modules\juce_gui_basics\mouse/juce_MouseListener.h(37) : see declaration of 'juce::MouseListener'
                 x:\cussold\msg\msg\jucelibrarycode\modules\juce_gui_basics\components/juce_Component.h(33) : see declaration of 'juce::Component'
     1>x:\cussold\msg\msg\source\MainViewComponent.h(91): warning C4100: 'event' : unreferenced formal parameter
         PluginWindow.cpp
     1>x:\cussold\msg\msg\source\PluginAssignProcessor.h(53): warning C4373: 'PluginAssignProcessor::getInputChannelName': virtual function overrides 'juce::AudioProcessor::getInputChannelName', previous versions of the compiler did not override when parameters only differed by const/volatile qualifiers
                 x:\cussold\msg\msg\jucelibrarycode\modules\juce_audio_processors\processors/juce_AudioProcessor.h(220) : see declaration of 'juce::AudioProcessor::getInputChannelName'
     1>x:\cussold\msg\msg\source\PluginAssignProcessor.h(54): warning C4373: 'PluginAssignProcessor::getOutputChannelName': virtual function overrides 'juce::AudioProcessor::getOutputChannelName', previous versions of the compiler did not override when parameters only differed by const/volatile qualifiers
                 x:\cussold\msg\msg\jucelibrarycode\modules\juce_audio_processors\processors/juce_AudioProcessor.h(227) : see declaration of 'juce::AudioProcessor::getOutputChannelName'
     1>x:\cussold\msg\msg\source\PluginAssignProcessor.h(72): warning C4100: 'index' : unreferenced formal parameter
     1>x:\cussold\msg\msg\source\PluginAssignProcessor.h(73): warning C4100: 'index' : unreferenced formal parameter
     1>x:\cussold\msg\msg\source\PluginAssignProcessor.h(74): warning C4100: 'newName' : unreferenced formal parameter
     1>x:\cussold\msg\msg\source\PluginAssignProcessor.h(74): warning C4100: 'index' : unreferenced formal parameter
     1>x:\cussold\msg\msg\source\PluginProcessor.h(233): warning C4065: switch statement contains 'default' but no 'case' labels
     1>x:\cussold\msg\msg\source\PluginProcessor.h(228): warning C4100: 'maximumStringLength' : unreferenced formal parameter
     1>x:\cussold\msg\msg\source\PluginProcessor.h(241): warning C4100: 'text' : unreferenced formal parameter
     1>x:\cussold\msg\msg\source\MainViewComponent.h(45): warning C4584: 'ClipComponent' : base-class 'juce::MouseListener' is already a base-class of 'juce::Component'
                 x:\cussold\msg\msg\jucelibrarycode\modules\juce_gui_basics\mouse/juce_MouseListener.h(37) : see declaration of 'juce::MouseListener'
                 x:\cussold\msg\msg\jucelibrarycode\modules\juce_gui_basics\components/juce_Component.h(33) : see declaration of 'juce::Component'
     1>x:\cussold\msg\msg\source\MainViewComponent.h(91): warning C4100: 'event' : unreferenced formal parameter
     1>x:\cussold\msg\msg\source\PluginAssignProcessor.h(53): warning C4373: 'PluginAssignProcessor::getInputChannelName': virtual function overrides 'juce::AudioProcessor::getInputChannelName', previous versions of the compiler did not override when parameters only differed by const/volatile qualifiers
                 x:\cussold\msg\msg\jucelibrarycode\modules\juce_audio_processors\processors/juce_AudioProcessor.h(220) : see declaration of 'juce::AudioProcessor::getInputChannelName'
     1>x:\cussold\msg\msg\source\PluginAssignProcessor.h(54): warning C4373: 'PluginAssignProcessor::getOutputChannelName': virtual function overrides 'juce::AudioProcessor::getOutputChannelName', previous versions of the compiler did not override when parameters only differed by const/volatile qualifiers
                 x:\cussold\msg\msg\jucelibrarycode\modules\juce_audio_processors\processors/juce_AudioProcessor.h(227) : see declaration of 'juce::AudioProcessor::getOutputChannelName'
     1>x:\cussold\msg\msg\source\PluginAssignProcessor.h(72): warning C4100: 'index' : unreferenced formal parameter
     1>x:\cussold\msg\msg\source\PluginAssignProcessor.h(73): warning C4100: 'index' : unreferenced formal parameter
     1>x:\cussold\msg\msg\source\PluginAssignProcessor.h(74): warning C4100: 'newName' : unreferenced formal parameter
     1>x:\cussold\msg\msg\source\PluginAssignProcessor.h(74): warning C4100: 'index' : unreferenced formal parameter
     1>x:\cussold\msg\msg\source\PluginProcessor.h(233): warning C4065: switch statement contains 'default' but no 'case' labels
     1>x:\cussold\msg\msg\source\PluginProcessor.h(228): warning C4100: 'maximumStringLength' : unreferenced formal parameter
     1>x:\cussold\msg\msg\source\PluginProcessor.h(241): warning C4100: 'text' : unreferenced formal parameter
     1>x:\cussold\msg\msg\source\MainViewComponent.h(45): warning C4584: 'ClipComponent' : base-class 'juce::MouseListener' is already a base-class of 'juce::Component'
                 x:\cussold\msg\msg\jucelibrarycode\modules\juce_gui_basics\mouse/juce_MouseListener.h(37) : see declaration of 'juce::MouseListener'
                 x:\cussold\msg\msg\jucelibrarycode\modules\juce_gui_basics\components/juce_Component.h(33) : see declaration of 'juce::Component'
     1>x:\cussold\msg\msg\source\MainViewComponent.h(91): warning C4100: 'event' : unreferenced formal parameter
     1>..\..\Source\PluginProcessor.cpp(235): warning C4800: 'float' : forcing value to bool 'true' or 'false' (performance warning)
     1>..\..\Source\PluginProcessor.cpp(246): warning C4800: 'float' : forcing value to bool 'true' or 'false' (performance warning)
     1>..\..\Source\PluginProcessor.cpp(257): warning C4244: '=' : conversion from 'double' to 'float', possible loss of data
     1>..\..\Source\PluginProcessor.cpp(261): warning C4244: '=' : conversion from 'double' to 'float', possible loss of data
     1>..\..\Source\PluginProcessor.cpp(265): warning C4244: '=' : conversion from 'double' to 'float', possible loss of data
     1>..\..\Source\PluginProcessor.cpp(269): warning C4244: '=' : conversion from 'double' to 'float', possible loss of data
     1>..\..\Source\PluginProcessor.cpp(273): warning C4244: '=' : conversion from 'double' to 'float', possible loss of data
     1>..\..\Source\PluginProcessor.cpp(277): warning C4244: '=' : conversion from 'double' to 'float', possible loss of data
     1>..\..\Source\PluginProcessor.cpp(286): warning C4244: 'initializing' : conversion from 'double' to 'int', possible loss of data
     1>..\..\Source\PluginProcessor.cpp(299): warning C4018: '>=' : signed/unsigned mismatch
     1>..\..\Source\PluginProcessor.cpp(333): warning C4100: 'index' : unreferenced formal parameter
     1>..\..\Source\PluginProcessor.cpp(338): warning C4100: 'index' : unreferenced formal parameter
     1>..\..\Source\PluginProcessor.cpp(353): warning C4100: 'index' : unreferenced formal parameter
     1>..\..\Source\PluginProcessor.cpp(358): warning C4100: 'index' : unreferenced formal parameter
     1>..\..\Source\PluginProcessor.cpp(402): warning C4100: 'index' : unreferenced formal parameter
     1>..\..\Source\PluginProcessor.cpp(406): warning C4100: 'index' : unreferenced formal parameter
     1>..\..\Source\PluginProcessor.cpp(411): warning C4100: 'newName' : unreferenced formal parameter
     1>..\..\Source\PluginProcessor.cpp(411): warning C4100: 'index' : unreferenced formal parameter
     1>..\..\Source\PluginProcessor.cpp(463): warning C4244: 'initializing' : conversion from 'double' to 'float', possible loss of data
     1>..\..\Source\PluginProcessor.cpp(492): warning C4244: 'initializing' : conversion from 'double' to 'float', possible loss of data
     1>..\..\Source\PluginProcessor.cpp(629): warning C4244: '=' : conversion from 'double' to 'float', possible loss of data
     1>..\..\Source\PluginProcessor.cpp(630): warning C4244: '=' : conversion from 'double' to 'float', possible loss of data
     1>x:\cussold\msg\msg\source\PluginAssignProcessor.h(53): warning C4373: 'PluginAssignProcessor::getInputChannelName': virtual function overrides 'juce::AudioProcessor::getInputChannelName', previous versions of the compiler did not override when parameters only differed by const/volatile qualifiers
                 x:\cussold\msg\msg\jucelibrarycode\modules\juce_audio_processors\processors/juce_AudioProcessor.h(220) : see declaration of 'juce::AudioProcessor::getInputChannelName'
     1>x:\cussold\msg\msg\source\PluginAssignProcessor.h(54): warning C4373: 'PluginAssignProcessor::getOutputChannelName': virtual function overrides 'juce::AudioProcessor::getOutputChannelName', previous versions of the compiler did not override when parameters only differed by const/volatile qualifiers
                 x:\cussold\msg\msg\jucelibrarycode\modules\juce_audio_processors\processors/juce_AudioProcessor.h(227) : see declaration of 'juce::AudioProcessor::getOutputChannelName'
     1>x:\cussold\msg\msg\source\PluginAssignProcessor.h(72): warning C4100: 'index' : unreferenced formal parameter
     1>x:\cussold\msg\msg\source\PluginAssignProcessor.h(73): warning C4100: 'index' : unreferenced formal parameter
     1>x:\cussold\msg\msg\source\PluginAssignProcessor.h(74): warning C4100: 'newName' : unreferenced formal parameter
     1>x:\cussold\msg\msg\source\PluginAssignProcessor.h(74): warning C4100: 'index' : unreferenced formal parameter
     1>x:\cussold\msg\msg\source\PluginProcessor.h(233): warning C4065: switch statement contains 'default' but no 'case' labels
     1>x:\cussold\msg\msg\source\PluginProcessor.h(228): warning C4100: 'maximumStringLength' : unreferenced formal parameter
     1>x:\cussold\msg\msg\source\PluginProcessor.h(241): warning C4100: 'text' : unreferenced formal parameter
     1>x:\cussold\msg\msg\source\MainViewComponent.h(45): warning C4584: 'ClipComponent' : base-class 'juce::MouseListener' is already a base-class of 'juce::Component'
                 x:\cussold\msg\msg\jucelibrarycode\modules\juce_gui_basics\mouse/juce_MouseListener.h(37) : see declaration of 'juce::MouseListener'
                 x:\cussold\msg\msg\jucelibrarycode\modules\juce_gui_basics\components/juce_Component.h(33) : see declaration of 'juce::Component'
     1>x:\cussold\msg\msg\source\MainViewComponent.h(91): warning C4100: 'event' : unreferenced formal parameter
     1>..\..\Source\PluginSlotComponent.cpp(186): warning C4244: 'argument' : conversion from 'int' to 'float', possible loss of data
     1>..\..\Source\PluginSlotComponent.cpp(187): warning C4244: 'argument' : conversion from 'int' to 'float', possible loss of data
     1>..\..\Source\PluginSlotComponent.cpp(207): warning C4100: 'g' : unreferenced formal parameter
     1>..\..\Source\PluginWindow.cpp(36): warning C4100: 'nodeId' : unreferenced formal parameter
         C:\Program Files (x86)\Microsoft Visual Studio 10.0\VC\bin\CL.exe /c /I..\..\JuceLibraryCode /I..\..\JuceLibraryCode\modules /Ic:\SDKs\vstsdk2.4 /I"c:\SDKs\VST3 SDK" /Zi /nologo /W4 /WX- /MP /Ox /Oy- /GL /D WIN32 /D _WINDOWS /D NDEBUG /D JUCER_VS2010_78A501D=1 /D JUCE_APP_VERSION=1.0.0 /D JUCE_APP_VERSION_HEX=0x10000 /D _WINDLL /Gm- /EHsc /MD /GS /fp:precise /Zc:wchar_t /Zc:forScope /GR /Fo"Release\\" /Fd"Release\\vc100.pdb" /Gz /TP /analyze- /errorReport:prompt ..\..\JuceLibraryCode\modules\juce_audio_plugin_client\RTAS\juce_RTAS_DigiCode1.cpp ..\..\JuceLibraryCode\modules\juce_audio_plugin_client\RTAS\juce_RTAS_DigiCode2.cpp ..\..\JuceLibraryCode\modules\juce_audio_plugin_client\RTAS\juce_RTAS_DigiCode3.cpp ..\..\JuceLibraryCode\modules\juce_audio_plugin_client\RTAS\juce_RTAS_WinUtilities.cpp ..\..\JuceLibraryCode\modules\juce_audio_plugin_client\RTAS\juce_RTAS_Wrapper.cpp
         juce_RTAS_DigiCode1.cpp
         juce_RTAS_DigiCode2.cpp
         juce_RTAS_DigiCode3.cpp
         juce_RTAS_WinUtilities.cpp
         juce_RTAS_Wrapper.cpp
       ResourceCompile:
         All outputs are up-to-date.
       Link:
         C:\Program Files (x86)\Microsoft Visual Studio 10.0\VC\bin\link.exe /ERRORREPORT:PROMPT /OUT:"X:\Cussold\MSG\MSg\Builds\VisualStudio2010\Release\\MSg.dll" /NOLOGO kernel32.lib user32.lib gdi32.lib winspool.lib comdlg32.lib advapi32.lib shell32.lib ole32.lib oleaut32.lib uuid.lib odbc32.lib odbccp32.lib /MANIFEST /ManifestFile:"Release\MSg.dll.intermediate.manifest" /MANIFESTUAC:"level='asInvoker' uiAccess='false'" /PDB:"Release\\MSg.pdb" /SUBSYSTEM:WINDOWS /LARGEADDRESSAWARE /OPT:REF /OPT:ICF /LTCG /TLBID:1 /DYNAMICBASE /NXCOMPAT /IMPLIB:"X:\Cussold\MSG\MSg\Builds\VisualStudio2010\Release\MSg.lib" /MACHINE:X86 /DLL Release\resources.res
         Release\\Delay.obj
         Release\\MainViewComponent.obj
         Release\\PassThroughProcessor.obj
         Release\\PluginAssignProcessor.obj
         Release\\PluginBrowser_Component.obj
         Release\\PluginProcessor.obj
         Release\\PluginListWindow.obj
         Release\\PluginEditor.obj
         Release\\PluginSlotComponent.obj
         Release\\PluginWindow.obj
         Release\\SlotProcessor.obj
         Release\\FilmStripSlider.obj
         Release\\HighQualityMeter.obj
         Release\\MSGLookAndFeel.obj
         Release\\BinaryData.obj
         Release\\juce_AAX_Wrapper.obj
         Release\\juce_audio_basics.obj
         Release\\juce_audio_devices.obj
         Release\\juce_audio_formats.obj
         Release\\juce_audio_processors.obj
         Release\\juce_core.obj
         Release\\juce_cryptography.obj
         Release\\juce_data_structures.obj
         Release\\juce_events.obj
         Release\\juce_graphics.obj
         Release\\juce_gui_basics.obj
         Release\\juce_gui_extra.obj
         Release\\juce_opengl.obj
         Release\\juce_PluginUtilities.obj
         Release\\juce_RTAS_DigiCode1.obj
         Release\\juce_RTAS_DigiCode2.obj
         Release\\juce_RTAS_DigiCode3.obj
         Release\\juce_RTAS_WinUtilities.obj
         Release\\juce_RTAS_Wrapper.obj
         Release\\juce_video.obj
         Release\\juce_VST_Wrapper.obj
         Release\\juce_VST3_Wrapper.obj /FORCE:multiple 
            Creating library X:\Cussold\MSG\MSg\Builds\VisualStudio2010\Release\MSg.lib and object X:\Cussold\MSG\MSg\Builds\VisualStudio2010\Release\MSg.exp
         Generating code
         Finished generating code
         MSg.vcxproj -> X:\Cussold\MSG\MSg\Builds\VisualStudio2010\Release\MSg.dll
       Manifest:
         C:\Program Files (x86)\Microsoft SDKs\Windows\v7.0A\bin\mt.exe /nologo /verbose /outputresource:"X:\Cussold\MSG\MSg\Builds\VisualStudio2010\Release\\MSg.dll;#2" /manifest Release\MSg.dll.intermediate.manifest
       FinalizeBuildStatus:
         Deleting file "Release\MSg.unsuccessfulbuild".
         Touching "Release\MSg.lastbuildstate".
     1>Done Building Project "X:\Cussold\MSG\MSg\Builds\VisualStudio2010\MSg.vcxproj" (build target(s)).

Build succeeded.

Time Elapsed 00:01:33.85
