Build started 13/05/2016 15:16:46.
     1>Project "X:\Cussold\MSG\MSg\Builds\VisualStudio2010\MSg.vcxproj" on node 2 (build target(s)).
     1>InitializeBuildStatus:
         Touching "Debug\MSg.unsuccessfulbuild".
       ClCompile:
         C:\Program Files (x86)\Microsoft Visual Studio 10.0\VC\bin\CL.exe /c /I..\..\JuceLibraryCode /I"C:\Users\garyjones\Desktop\JUCE-3.2.0\modules" /Ic:\SDKs\vstsdk2.4 /I"c:\SDKs\VST3 SDK" /Ic:\SDKs\AAX /Ic:\SDKs\AAX\Interfaces /Ic:\SDKs\AAX\Interfaces\ACF /ZI /nologo /W4 /WX- /MP /Od /Oy- /D "JucePlugin_AAXLibs_path=\"c:\\SDKs\\AAX\\Libs\"" /D WIN32 /D _WINDOWS /D DEBUG /D _DEBUG /D JUCER_VS2010_78A501D=1 /D JUCE_APP_VERSION=1.0.0 /D JUCE_APP_VERSION_HEX=0x10000 /D _WINDLL /Gm- /EHsc /MDd /GS /fp:precise /Zc:wchar_t /Zc:forScope /GR /Fo"Debug\\" /Fd"Debug\\vc100.pdb" /Gd /TP /analyze- /errorReport:prompt ..\..\Source\MainViewComponent.cpp ..\..\Source\PluginAssignProcessor.cpp ..\..\Source\PluginProcessor.cpp ..\..\Source\PluginListWindow.cpp ..\..\Source\PluginEditor.cpp ..\..\Source\PluginSlotComponent.cpp
         MainViewComponent.cpp
         PluginAssignProcessor.cpp
     1>x:\cussold\msg\msg\source\pluginassignprocessor.h(53): warning C4373: 'PluginAssignProcessor::getInputChannelName': virtual function overrides 'juce::AudioProcessor::getInputChannelName', previous versions of the compiler did not override when parameters only differed by const/volatile qualifiers
                 c:\users\garyjones\desktop\juce-3.2.0\modules\juce_audio_processors\processors\juce_audioprocessor.h(220) : see declaration of 'juce::AudioProcessor::getInputChannelName'
     1>x:\cussold\msg\msg\source\pluginassignprocessor.h(54): warning C4373: 'PluginAssignProcessor::getOutputChannelName': virtual function overrides 'juce::AudioProcessor::getOutputChannelName', previous versions of the compiler did not override when parameters only differed by const/volatile qualifiers
                 c:\users\garyjones\desktop\juce-3.2.0\modules\juce_audio_processors\processors\juce_audioprocessor.h(227) : see declaration of 'juce::AudioProcessor::getOutputChannelName'
     1>x:\cussold\msg\msg\source\pluginassignprocessor.h(53): warning C4373: 'PluginAssignProcessor::getInputChannelName': virtual function overrides 'juce::AudioProcessor::getInputChannelName', previous versions of the compiler did not override when parameters only differed by const/volatile qualifiers
                 c:\users\garyjones\desktop\juce-3.2.0\modules\juce_audio_processors\processors\juce_audioprocessor.h(220) : see declaration of 'juce::AudioProcessor::getInputChannelName'
     1>x:\cussold\msg\msg\source\pluginassignprocessor.h(54): warning C4373: 'PluginAssignProcessor::getOutputChannelName': virtual function overrides 'juce::AudioProcessor::getOutputChannelName', previous versions of the compiler did not override when parameters only differed by const/volatile qualifiers
                 c:\users\garyjones\desktop\juce-3.2.0\modules\juce_audio_processors\processors\juce_audioprocessor.h(227) : see declaration of 'juce::AudioProcessor::getOutputChannelName'
     1>x:\cussold\msg\msg\source\pluginassignprocessor.h(72): warning C4100: 'index' : unreferenced formal parameter
     1>x:\cussold\msg\msg\source\pluginassignprocessor.h(73): warning C4100: 'index' : unreferenced formal parameter
     1>x:\cussold\msg\msg\source\pluginassignprocessor.h(74): warning C4100: 'newName' : unreferenced formal parameter
     1>x:\cussold\msg\msg\source\pluginassignprocessor.h(74): warning C4100: 'index' : unreferenced formal parameter
     1>x:\cussold\msg\msg\source\pluginassignprocessor.h(72): warning C4100: 'index' : unreferenced formal parameter
     1>x:\cussold\msg\msg\source\pluginassignprocessor.h(73): warning C4100: 'index' : unreferenced formal parameter
     1>x:\cussold\msg\msg\source\pluginassignprocessor.h(74): warning C4100: 'newName' : unreferenced formal parameter
     1>x:\cussold\msg\msg\source\pluginassignprocessor.h(74): warning C4100: 'index' : unreferenced formal parameter
     1>x:\cussold\msg\msg\source\pluginprocessor.h(233): warning C4065: switch statement contains 'default' but no 'case' labels
     1>x:\cussold\msg\msg\source\pluginprocessor.h(228): warning C4100: 'maximumStringLength' : unreferenced formal parameter
     1>x:\cussold\msg\msg\source\pluginprocessor.h(241): warning C4100: 'text' : unreferenced formal parameter
     1>x:\cussold\msg\msg\source\pluginprocessor.h(233): warning C4065: switch statement contains 'default' but no 'case' labels
     1>x:\cussold\msg\msg\source\pluginprocessor.h(228): warning C4100: 'maximumStringLength' : unreferenced formal parameter
     1>x:\cussold\msg\msg\source\pluginprocessor.h(241): warning C4100: 'text' : unreferenced formal parameter
     1>x:\cussold\msg\msg\source\pluginassignprocessor.cpp(100): warning C4100: 'index' : unreferenced formal parameter
     1>x:\cussold\msg\msg\source\pluginassignprocessor.cpp(105): warning C4100: 'index' : unreferenced formal parameter
     1>x:\cussold\msg\msg\source\pluginassignprocessor.cpp(120): warning C4100: 'index' : unreferenced formal parameter
     1>x:\cussold\msg\msg\source\pluginassignprocessor.cpp(125): warning C4100: 'index' : unreferenced formal parameter
     1>x:\cussold\msg\msg\source\pluginassignprocessor.cpp(158): warning C4189: 'numChannels' : local variable is initialized but not referenced
     1>x:\cussold\msg\msg\source\pluginassignprocessor.cpp(271): warning C4100: 'destData' : unreferenced formal parameter
     1>x:\cussold\msg\msg\source\pluginassignprocessor.cpp(278): warning C4100: 'sizeInBytes' : unreferenced formal parameter
     1>x:\cussold\msg\msg\source\pluginassignprocessor.cpp(278): warning C4100: 'data' : unreferenced formal parameter
     1>x:\cussold\msg\msg\source\mainviewcomponent.h(45): warning C4584: 'ClipComponent' : base-class 'juce::MouseListener' is already a base-class of 'juce::Component'
                 c:\users\garyjones\desktop\juce-3.2.0\modules\juce_gui_basics\mouse\juce_mouselistener.h(37) : see declaration of 'juce::MouseListener'
                 c:\users\garyjones\desktop\juce-3.2.0\modules\juce_gui_basics\components\juce_component.h(33) : see declaration of 'juce::Component'
     1>x:\cussold\msg\msg\source\mainviewcomponent.h(91): warning C4100: 'event' : unreferenced formal parameter
     1>x:\cussold\msg\msg\source\mainviewcomponent.cpp(351): warning C4244: 'argument' : conversion from 'double' to 'float', possible loss of data
     1>x:\cussold\msg\msg\source\mainviewcomponent.cpp(355): warning C4244: 'argument' : conversion from 'double' to 'float', possible loss of data
     1>x:\cussold\msg\msg\source\mainviewcomponent.cpp(359): warning C4244: 'argument' : conversion from 'double' to 'float', possible loss of data
     1>x:\cussold\msg\msg\source\mainviewcomponent.cpp(363): warning C4244: 'argument' : conversion from 'double' to 'float', possible loss of data
     1>x:\cussold\msg\msg\source\mainviewcomponent.cpp(367): warning C4244: 'argument' : conversion from 'double' to 'float', possible loss of data
     1>x:\cussold\msg\msg\source\mainviewcomponent.cpp(371): warning C4244: 'argument' : conversion from 'double' to 'float', possible loss of data
     1>x:\cussold\msg\msg\source\mainviewcomponent.cpp(377): warning C4100: 'buttonThatWasClicked' : unreferenced formal parameter
         PluginProcessor.cpp
         PluginListWindow.cpp
     1>x:\cussold\msg\msg\source\pluginassignprocessor.h(53): warning C4373: 'PluginAssignProcessor::getInputChannelName': virtual function overrides 'juce::AudioProcessor::getInputChannelName', previous versions of the compiler did not override when parameters only differed by const/volatile qualifiers
                 c:\users\garyjones\desktop\juce-3.2.0\modules\juce_audio_processors\processors\juce_audioprocessor.h(220) : see declaration of 'juce::AudioProcessor::getInputChannelName'
     1>x:\cussold\msg\msg\source\pluginassignprocessor.h(54): warning C4373: 'PluginAssignProcessor::getOutputChannelName': virtual function overrides 'juce::AudioProcessor::getOutputChannelName', previous versions of the compiler did not override when parameters only differed by const/volatile qualifiers
                 c:\users\garyjones\desktop\juce-3.2.0\modules\juce_audio_processors\processors\juce_audioprocessor.h(227) : see declaration of 'juce::AudioProcessor::getOutputChannelName'
     1>x:\cussold\msg\msg\source\pluginassignprocessor.h(72): warning C4100: 'index' : unreferenced formal parameter
     1>x:\cussold\msg\msg\source\pluginassignprocessor.h(73): warning C4100: 'index' : unreferenced formal parameter
     1>x:\cussold\msg\msg\source\pluginassignprocessor.h(74): warning C4100: 'newName' : unreferenced formal parameter
     1>x:\cussold\msg\msg\source\pluginassignprocessor.h(74): warning C4100: 'index' : unreferenced formal parameter
     1>x:\cussold\msg\msg\source\pluginprocessor.h(233): warning C4065: switch statement contains 'default' but no 'case' labels
     1>x:\cussold\msg\msg\source\pluginprocessor.h(228): warning C4100: 'maximumStringLength' : unreferenced formal parameter
     1>x:\cussold\msg\msg\source\pluginprocessor.h(241): warning C4100: 'text' : unreferenced formal parameter
     1>x:\cussold\msg\msg\source\mainviewcomponent.h(45): warning C4584: 'ClipComponent' : base-class 'juce::MouseListener' is already a base-class of 'juce::Component'
                 c:\users\garyjones\desktop\juce-3.2.0\modules\juce_gui_basics\mouse\juce_mouselistener.h(37) : see declaration of 'juce::MouseListener'
                 c:\users\garyjones\desktop\juce-3.2.0\modules\juce_gui_basics\components\juce_component.h(33) : see declaration of 'juce::Component'
     1>x:\cussold\msg\msg\source\mainviewcomponent.h(91): warning C4100: 'event' : unreferenced formal parameter
     1>x:\cussold\msg\msg\source\pluginprocessor.cpp(235): warning C4800: 'float' : forcing value to bool 'true' or 'false' (performance warning)
     1>x:\cussold\msg\msg\source\pluginprocessor.cpp(246): warning C4800: 'float' : forcing value to bool 'true' or 'false' (performance warning)
     1>x:\cussold\msg\msg\source\pluginprocessor.cpp(257): warning C4244: '=' : conversion from 'double' to 'float', possible loss of data
     1>x:\cussold\msg\msg\source\pluginprocessor.cpp(261): warning C4244: '=' : conversion from 'double' to 'float', possible loss of data
     1>x:\cussold\msg\msg\source\pluginprocessor.cpp(265): warning C4244: '=' : conversion from 'double' to 'float', possible loss of data
     1>x:\cussold\msg\msg\source\pluginprocessor.cpp(269): warning C4244: '=' : conversion from 'double' to 'float', possible loss of data
     1>x:\cussold\msg\msg\source\pluginprocessor.cpp(273): warning C4244: '=' : conversion from 'double' to 'float', possible loss of data
     1>x:\cussold\msg\msg\source\pluginprocessor.cpp(277): warning C4244: '=' : conversion from 'double' to 'float', possible loss of data
     1>x:\cussold\msg\msg\source\pluginprocessor.cpp(286): warning C4244: 'initializing' : conversion from 'double' to 'int', possible loss of data
     1>x:\cussold\msg\msg\source\pluginprocessor.cpp(299): warning C4018: '>=' : signed/unsigned mismatch
     1>x:\cussold\msg\msg\source\pluginprocessor.cpp(333): warning C4100: 'index' : unreferenced formal parameter
     1>x:\cussold\msg\msg\source\pluginprocessor.cpp(338): warning C4100: 'index' : unreferenced formal parameter
     1>x:\cussold\msg\msg\source\pluginprocessor.cpp(353): warning C4100: 'index' : unreferenced formal parameter
     1>x:\cussold\msg\msg\source\pluginprocessor.cpp(358): warning C4100: 'index' : unreferenced formal parameter
     1>x:\cussold\msg\msg\source\pluginprocessor.cpp(402): warning C4100: 'index' : unreferenced formal parameter
     1>x:\cussold\msg\msg\source\pluginprocessor.cpp(406): warning C4100: 'index' : unreferenced formal parameter
     1>x:\cussold\msg\msg\source\pluginprocessor.cpp(411): warning C4100: 'newName' : unreferenced formal parameter
     1>x:\cussold\msg\msg\source\pluginprocessor.cpp(411): warning C4100: 'index' : unreferenced formal parameter
     1>x:\cussold\msg\msg\source\pluginprocessor.cpp(463): warning C4244: 'initializing' : conversion from 'double' to 'float', possible loss of data
     1>x:\cussold\msg\msg\source\pluginprocessor.cpp(482): warning C4244: 'initializing' : conversion from 'double' to 'float', possible loss of data
     1>x:\cussold\msg\msg\source\pluginprocessor.cpp(618): warning C4244: '=' : conversion from 'double' to 'float', possible loss of data
     1>x:\cussold\msg\msg\source\pluginprocessor.cpp(619): warning C4244: '=' : conversion from 'double' to 'float', possible loss of data
     1>x:\cussold\msg\msg\source\pluginassignprocessor.h(53): warning C4373: 'PluginAssignProcessor::getInputChannelName': virtual function overrides 'juce::AudioProcessor::getInputChannelName', previous versions of the compiler did not override when parameters only differed by const/volatile qualifiers
                 c:\users\garyjones\desktop\juce-3.2.0\modules\juce_audio_processors\processors\juce_audioprocessor.h(220) : see declaration of 'juce::AudioProcessor::getInputChannelName'
     1>x:\cussold\msg\msg\source\pluginassignprocessor.h(54): warning C4373: 'PluginAssignProcessor::getOutputChannelName': virtual function overrides 'juce::AudioProcessor::getOutputChannelName', previous versions of the compiler did not override when parameters only differed by const/volatile qualifiers
                 c:\users\garyjones\desktop\juce-3.2.0\modules\juce_audio_processors\processors\juce_audioprocessor.h(227) : see declaration of 'juce::AudioProcessor::getOutputChannelName'
     1>x:\cussold\msg\msg\source\pluginassignprocessor.h(72): warning C4100: 'index' : unreferenced formal parameter
     1>x:\cussold\msg\msg\source\pluginassignprocessor.h(73): warning C4100: 'index' : unreferenced formal parameter
     1>x:\cussold\msg\msg\source\pluginassignprocessor.h(74): warning C4100: 'newName' : unreferenced formal parameter
     1>x:\cussold\msg\msg\source\pluginassignprocessor.h(74): warning C4100: 'index' : unreferenced formal parameter
     1>x:\cussold\msg\msg\source\pluginprocessor.h(233): warning C4065: switch statement contains 'default' but no 'case' labels
     1>x:\cussold\msg\msg\source\pluginprocessor.h(228): warning C4100: 'maximumStringLength' : unreferenced formal parameter
     1>x:\cussold\msg\msg\source\pluginprocessor.h(241): warning C4100: 'text' : unreferenced formal parameter
     1>x:\cussold\msg\msg\source\mainviewcomponent.h(45): warning C4584: 'ClipComponent' : base-class 'juce::MouseListener' is already a base-class of 'juce::Component'
                 c:\users\garyjones\desktop\juce-3.2.0\modules\juce_gui_basics\mouse\juce_mouselistener.h(37) : see declaration of 'juce::MouseListener'
                 c:\users\garyjones\desktop\juce-3.2.0\modules\juce_gui_basics\components\juce_component.h(33) : see declaration of 'juce::Component'
     1>x:\cussold\msg\msg\source\mainviewcomponent.h(91): warning C4100: 'event' : unreferenced formal parameter
         PluginEditor.cpp
         PluginSlotComponent.cpp
     1>x:\cussold\msg\msg\source\pluginassignprocessor.h(53): warning C4373: 'PluginAssignProcessor::getInputChannelName': virtual function overrides 'juce::AudioProcessor::getInputChannelName', previous versions of the compiler did not override when parameters only differed by const/volatile qualifiers
                 c:\users\garyjones\desktop\juce-3.2.0\modules\juce_audio_processors\processors\juce_audioprocessor.h(220) : see declaration of 'juce::AudioProcessor::getInputChannelName'
     1>x:\cussold\msg\msg\source\pluginassignprocessor.h(54): warning C4373: 'PluginAssignProcessor::getOutputChannelName': virtual function overrides 'juce::AudioProcessor::getOutputChannelName', previous versions of the compiler did not override when parameters only differed by const/volatile qualifiers
                 c:\users\garyjones\desktop\juce-3.2.0\modules\juce_audio_processors\processors\juce_audioprocessor.h(227) : see declaration of 'juce::AudioProcessor::getOutputChannelName'
     1>x:\cussold\msg\msg\source\pluginassignprocessor.h(72): warning C4100: 'index' : unreferenced formal parameter
     1>x:\cussold\msg\msg\source\pluginassignprocessor.h(73): warning C4100: 'index' : unreferenced formal parameter
     1>x:\cussold\msg\msg\source\pluginassignprocessor.h(74): warning C4100: 'newName' : unreferenced formal parameter
     1>x:\cussold\msg\msg\source\pluginassignprocessor.h(74): warning C4100: 'index' : unreferenced formal parameter
     1>x:\cussold\msg\msg\source\pluginprocessor.h(233): warning C4065: switch statement contains 'default' but no 'case' labels
     1>x:\cussold\msg\msg\source\pluginprocessor.h(228): warning C4100: 'maximumStringLength' : unreferenced formal parameter
     1>x:\cussold\msg\msg\source\pluginprocessor.h(241): warning C4100: 'text' : unreferenced formal parameter
     1>x:\cussold\msg\msg\source\mainviewcomponent.h(45): warning C4584: 'ClipComponent' : base-class 'juce::MouseListener' is already a base-class of 'juce::Component'
                 c:\users\garyjones\desktop\juce-3.2.0\modules\juce_gui_basics\mouse\juce_mouselistener.h(37) : see declaration of 'juce::MouseListener'
                 c:\users\garyjones\desktop\juce-3.2.0\modules\juce_gui_basics\components\juce_component.h(33) : see declaration of 'juce::Component'
     1>x:\cussold\msg\msg\source\mainviewcomponent.h(91): warning C4100: 'event' : unreferenced formal parameter
     1>x:\cussold\msg\msg\source\pluginassignprocessor.h(53): warning C4373: 'PluginAssignProcessor::getInputChannelName': virtual function overrides 'juce::AudioProcessor::getInputChannelName', previous versions of the compiler did not override when parameters only differed by const/volatile qualifiers
                 c:\users\garyjones\desktop\juce-3.2.0\modules\juce_audio_processors\processors\juce_audioprocessor.h(220) : see declaration of 'juce::AudioProcessor::getInputChannelName'
     1>x:\cussold\msg\msg\source\pluginassignprocessor.h(54): warning C4373: 'PluginAssignProcessor::getOutputChannelName': virtual function overrides 'juce::AudioProcessor::getOutputChannelName', previous versions of the compiler did not override when parameters only differed by const/volatile qualifiers
                 c:\users\garyjones\desktop\juce-3.2.0\modules\juce_audio_processors\processors\juce_audioprocessor.h(227) : see declaration of 'juce::AudioProcessor::getOutputChannelName'
     1>x:\cussold\msg\msg\source\pluginassignprocessor.h(72): warning C4100: 'index' : unreferenced formal parameter
     1>x:\cussold\msg\msg\source\pluginassignprocessor.h(73): warning C4100: 'index' : unreferenced formal parameter
     1>x:\cussold\msg\msg\source\pluginassignprocessor.h(74): warning C4100: 'newName' : unreferenced formal parameter
     1>x:\cussold\msg\msg\source\pluginassignprocessor.h(74): warning C4100: 'index' : unreferenced formal parameter
     1>x:\cussold\msg\msg\source\pluginprocessor.h(233): warning C4065: switch statement contains 'default' but no 'case' labels
     1>x:\cussold\msg\msg\source\pluginprocessor.h(228): warning C4100: 'maximumStringLength' : unreferenced formal parameter
     1>x:\cussold\msg\msg\source\pluginprocessor.h(241): warning C4100: 'text' : unreferenced formal parameter
     1>x:\cussold\msg\msg\source\mainviewcomponent.h(45): warning C4584: 'ClipComponent' : base-class 'juce::MouseListener' is already a base-class of 'juce::Component'
                 c:\users\garyjones\desktop\juce-3.2.0\modules\juce_gui_basics\mouse\juce_mouselistener.h(37) : see declaration of 'juce::MouseListener'
                 c:\users\garyjones\desktop\juce-3.2.0\modules\juce_gui_basics\components\juce_component.h(33) : see declaration of 'juce::Component'
     1>x:\cussold\msg\msg\source\mainviewcomponent.h(91): warning C4100: 'event' : unreferenced formal parameter
     1>x:\cussold\msg\msg\source\pluginslotcomponent.cpp(185): warning C4244: 'argument' : conversion from 'int' to 'float', possible loss of data
     1>x:\cussold\msg\msg\source\pluginslotcomponent.cpp(186): warning C4244: 'argument' : conversion from 'int' to 'float', possible loss of data
     1>x:\cussold\msg\msg\source\pluginslotcomponent.cpp(206): warning C4100: 'g' : unreferenced formal parameter
         C:\Program Files (x86)\Microsoft Visual Studio 10.0\VC\bin\CL.exe /c /I..\..\JuceLibraryCode /I"C:\Users\garyjones\Desktop\JUCE-3.2.0\modules" /Ic:\SDKs\vstsdk2.4 /I"c:\SDKs\VST3 SDK" /Ic:\SDKs\AAX /Ic:\SDKs\AAX\Interfaces /Ic:\SDKs\AAX\Interfaces\ACF /ZI /nologo /W4 /WX- /MP /Od /Oy- /D "JucePlugin_AAXLibs_path=\"c:\\SDKs\\AAX\\Libs\"" /D WIN32 /D _WINDOWS /D DEBUG /D _DEBUG /D JUCER_VS2010_78A501D=1 /D JUCE_APP_VERSION=1.0.0 /D JUCE_APP_VERSION_HEX=0x10000 /D _WINDLL /Gm- /EHsc /MDd /GS /fp:precise /Zc:wchar_t /Zc:forScope /GR /Fo"Debug\\" /Fd"Debug\\vc100.pdb" /Gz /TP /analyze- /errorReport:prompt "C:\Users\garyjones\Desktop\JUCE-3.2.0\modules\juce_audio_plugin_client\RTAS\juce_RTAS_DigiCode1.cpp" "C:\Users\garyjones\Desktop\JUCE-3.2.0\modules\juce_audio_plugin_client\RTAS\juce_RTAS_DigiCode2.cpp" "C:\Users\garyjones\Desktop\JUCE-3.2.0\modules\juce_audio_plugin_client\RTAS\juce_RTAS_DigiCode3.cpp" "C:\Users\garyjones\Desktop\JUCE-3.2.0\modules\juce_audio_plugin_client\RTAS\juce_RTAS_WinUtilities.cpp" "C:\Users\garyjones\Desktop\JUCE-3.2.0\modules\juce_audio_plugin_client\RTAS\juce_RTAS_Wrapper.cpp"
         juce_RTAS_DigiCode1.cpp
         juce_RTAS_DigiCode2.cpp
         juce_RTAS_DigiCode3.cpp
         juce_RTAS_WinUtilities.cpp
         juce_RTAS_Wrapper.cpp
       ResourceCompile:
         C:\Program Files (x86)\Microsoft SDKs\Windows\v7.0A\bin\rc.exe /D _DEBUG /l"0x0409" /nologo /fo"Debug\resources.res" .\resources.rc 
       Link:
         C:\Program Files (x86)\Microsoft Visual Studio 10.0\VC\bin\link.exe /ERRORREPORT:PROMPT /OUT:"X:\Cussold\MSG\MSg\Builds\VisualStudio2010\Debug\\MSg.dll" /NOLOGO kernel32.lib user32.lib gdi32.lib winspool.lib comdlg32.lib advapi32.lib shell32.lib ole32.lib oleaut32.lib uuid.lib odbc32.lib odbccp32.lib /NODEFAULTLIB:libcmt.lib /NODEFAULTLIB:msvcrt.lib /MANIFEST /ManifestFile:"Debug\MSg.dll.intermediate.manifest" /MANIFESTUAC:"level='asInvoker' uiAccess='false'" /DEBUG /PDB:"Debug\\MSg.pdb" /SUBSYSTEM:WINDOWS /LARGEADDRESSAWARE /TLBID:1 /DYNAMICBASE /NXCOMPAT /IMPLIB:"X:\Cussold\MSG\MSg\Builds\VisualStudio2010\Debug\MSg.lib" /MACHINE:X86 /SAFESEH:NO /DLL Debug\resources.res
         Debug\\Delay.obj
         Debug\\MainViewComponent.obj
         Debug\\PassThroughProcessor.obj
         Debug\\PluginAssignProcessor.obj
         Debug\\PluginBrowser_Component.obj
         Debug\\PluginProcessor.obj
         Debug\\PluginListWindow.obj
         Debug\\PluginEditor.obj
         Debug\\PluginSlotComponent.obj
         Debug\\PluginWindow.obj
         Debug\\SlotProcessor.obj
         Debug\\FilmStripSlider.obj
         Debug\\HighQualityMeter.obj
         Debug\\MSGLookAndFeel.obj
         Debug\\BinaryData.obj
         Debug\\juce_AAX_Wrapper.obj
         Debug\\juce_audio_basics.obj
         Debug\\juce_audio_devices.obj
         Debug\\juce_audio_formats.obj
         Debug\\juce_audio_processors.obj
         Debug\\juce_core.obj
         Debug\\juce_cryptography.obj
         Debug\\juce_data_structures.obj
         Debug\\juce_events.obj
         Debug\\juce_graphics.obj
         Debug\\juce_gui_basics.obj
         Debug\\juce_gui_extra.obj
         Debug\\juce_opengl.obj
         Debug\\juce_PluginUtilities.obj
         Debug\\juce_RTAS_DigiCode1.obj
         Debug\\juce_RTAS_DigiCode2.obj
         Debug\\juce_RTAS_DigiCode3.obj
         Debug\\juce_RTAS_WinUtilities.obj
         Debug\\juce_RTAS_Wrapper.obj
         Debug\\juce_video.obj
         Debug\\juce_VST_Wrapper.obj
         Debug\\juce_VST3_Wrapper.obj /FORCE:multiple 
            Creating library X:\Cussold\MSG\MSg\Builds\VisualStudio2010\Debug\MSg.lib and object X:\Cussold\MSG\MSg\Builds\VisualStudio2010\Debug\MSg.exp
         MSg.vcxproj -> X:\Cussold\MSG\MSg\Builds\VisualStudio2010\Debug\MSg.dll
       Manifest:
         C:\Program Files (x86)\Microsoft SDKs\Windows\v7.0A\bin\mt.exe /nologo /verbose /outputresource:"X:\Cussold\MSG\MSg\Builds\VisualStudio2010\Debug\\MSg.dll;#2" /manifest Debug\MSg.dll.intermediate.manifest
       PostBuildEvent:
         copy /Y "X:\Cussold\MSG\MSg\Builds\VisualStudio2010\Debug\\MSg.dll" "X:\Cussold\MSG\MSg\Builds\VisualStudio2010\Debug\\MSg.vst3"
         :VCEnd
                 1 file(s) copied.
       FinalizeBuildStatus:
         Deleting file "Debug\MSg.unsuccessfulbuild".
         Touching "Debug\MSg.lastbuildstate".
     1>Done Building Project "X:\Cussold\MSG\MSg\Builds\VisualStudio2010\MSg.vcxproj" (build target(s)).

Build succeeded.

Time Elapsed 00:00:24.40
